2013/05/01 15:39:38 [error] [php] Undefined index: label (/data/hosting/scripts/framework/zii/widgets/CMenu.php:236)
Stack trace:
#0 /data/hosting/scripts/framework/web/CBaseController.php(165): SiteController->createWidget()
#1 /data/hosting/scripts/GoMulti/protected/views/layouts/main.php(38): SiteController->widget()
#2 /data/hosting/scripts/framework/web/CBaseController.php(119): require()
#3 /data/hosting/scripts/framework/web/CBaseController.php(88): SiteController->renderInternal()
#4 /data/hosting/scripts/framework/web/widgets/CContentDecorator.php(78): SiteController->renderFile()
#5 /data/hosting/scripts/framework/web/widgets/CContentDecorator.php(56): CContentDecorator->decorate()
#6 /data/hosting/scripts/framework/web/widgets/COutputProcessor.php(45): CContentDecorator->processOutput()
#7 /data/hosting/scripts/framework/web/CBaseController.php(199): CContentDecorator->run()
#8 /data/hosting/scripts/framework/web/CBaseController.php(294): SiteController->endWidget()
#9 /data/hosting/scripts/GoMulti/protected/views/layouts/column1.php(7): SiteController->endContent()
#10 /data/hosting/scripts/framework/web/CBaseController.php(119): require()
#11 /data/hosting/scripts/framework/web/CBaseController.php(88): SiteController->renderInternal()
#12 /data/hosting/scripts/framework/web/CController.php(748): SiteController->renderFile()
#13 /data/hosting/scripts/GoMulti/protected/controllers/SiteController.php(44): SiteController->render()
#14 /data/hosting/scripts/framework/web/actions/CInlineAction.php(57): SiteController->actionIndex()
#15 /data/hosting/scripts/framework/web/CController.php(300): CInlineAction->run()
#16 /data/hosting/scripts/framework/web/CController.php(278): SiteController->runAction()
#17 /data/hosting/scripts/framework/web/CController.php(257): SiteController->runActionWithFilters()
#18 /data/hosting/scripts/framework/web/CWebApplication.php(324): SiteController->run()
#19 /data/hosting/scripts/framework/web/CWebApplication.php(121): CWebApplication->runController()
#20 /data/hosting/scripts/framework/base/CApplication.php(135): CWebApplication->processRequest()
#21 /data/hosting/scripts/GoMulti/index.php(11): CWebApplication->run()
REQUEST_URI=/GoMulti/
2013/05/01 16:49:45 [error] [exception.CException] exception 'CException' with message 'CAssetManager.basePath "/data/hosting/scripts/GoMulti/assets" is invalid. Please make sure the directory exists and is writable by the Web server process.' in /data/hosting/scripts/framework/web/CAssetManager.php:98
Stack trace:
#0 /data/hosting/scripts/framework/web/CAssetManager.php(83): CAssetManager->setBasePath('/data/hosting/s...')
#1 /data/hosting/scripts/framework/web/CAssetManager.php(185): CAssetManager->getBasePath()
#2 /data/hosting/scripts/framework/web/CClientScript.php(387): CAssetManager->publish('/data/hosting/s...')
#3 /data/hosting/scripts/framework/web/CClientScript.php(238): CClientScript->getCoreScriptUrl()
#4 /data/hosting/scripts/framework/web/CClientScript.php(133): CClientScript->renderCoreScripts()
#5 /data/hosting/scripts/framework/web/CController.php(318): CClientScript->render('<!DOCTYPE html ...')
#6 /data/hosting/scripts/framework/web/CController.php(752): CController->processOutput('<!DOCTYPE html ...')
#7 /data/hosting/scripts/GoMulti/protected/controllers/SiteController.php(65): CController->render('contact', Array)
#8 /data/hosting/scripts/framework/web/actions/CInlineAction.php(57): SiteController->actionContact()
#9 /data/hosting/scripts/framework/web/CController.php(300): CInlineAction->run()
#10 /data/hosting/scripts/framework/web/CController.php(278): CController->runAction(Object(CInlineAction))
#11 /data/hosting/scripts/framework/web/CController.php(257): CController->runActionWithFilters(Object(CInlineAction), Array)
#12 /data/hosting/scripts/framework/web/CWebApplication.php(324): CController->run('contact')
#13 /data/hosting/scripts/framework/web/CWebApplication.php(121): CWebApplication->runController('site/contact')
#14 /data/hosting/scripts/framework/base/CApplication.php(135): CWebApplication->processRequest()
#15 /data/hosting/scripts/GoMulti/index.php(11): CApplication->run()
#16 {main} REQUEST_URI=/GoMulti/index.php/site/contact
2013/05/01 17:06:40 [error] [exception.CException] exception 'CException' with message 'CAssetManager.basePath "/data/hosting/scripts/GoMulti/assets" is invalid. Please make sure the directory exists and is writable by the Web server process.' in /data/hosting/scripts/framework/web/CAssetManager.php:98
Stack trace:
#0 /data/hosting/scripts/framework/web/CAssetManager.php(83): CAssetManager->setBasePath('/data/hosting/s...')
#1 /data/hosting/scripts/framework/web/CAssetManager.php(185): CAssetManager->getBasePath()
#2 /data/hosting/scripts/framework/web/CClientScript.php(387): CAssetManager->publish('/data/hosting/s...')
#3 /data/hosting/scripts/framework/web/CClientScript.php(238): CClientScript->getCoreScriptUrl()
#4 /data/hosting/scripts/framework/web/CClientScript.php(133): CClientScript->renderCoreScripts()
#5 /data/hosting/scripts/framework/web/CController.php(318): CClientScript->render('<!DOCTYPE html ...')
#6 /data/hosting/scripts/framework/web/CController.php(752): CController->processOutput('<!DOCTYPE html ...')
#7 /data/hosting/scripts/GoMulti/protected/controllers/SiteController.php(65): CController->render('contact', Array)
#8 /data/hosting/scripts/framework/web/actions/CInlineAction.php(57): SiteController->actionContact()
#9 /data/hosting/scripts/framework/web/CController.php(300): CInlineAction->run()
#10 /data/hosting/scripts/framework/web/CController.php(278): CController->runAction(Object(CInlineAction))
#11 /data/hosting/scripts/framework/web/CController.php(257): CController->runActionWithFilters(Object(CInlineAction), Array)
#12 /data/hosting/scripts/framework/web/CWebApplication.php(324): CController->run('contact')
#13 /data/hosting/scripts/framework/web/CWebApplication.php(121): CWebApplication->runController('site/contact')
#14 /data/hosting/scripts/framework/base/CApplication.php(135): CWebApplication->processRequest()
#15 /data/hosting/scripts/GoMulti/index.php(11): CApplication->run()
#16 {main} REQUEST_URI=/GoMulti/index.php/site/contact
2013/05/01 17:06:50 [error] [exception.CDbException] could not find driver
2013/05/01 17:06:50 [error] [exception.CDbException] exception 'CDbException' with message 'CDbConnection failed to open the DB connection.' in /data/hosting/scripts/framework/db/CDbConnection.php:275
Stack trace:
#0 /data/hosting/scripts/framework/db/CDbConnection.php(242): CDbConnection->open()
#1 /data/hosting/scripts/framework/db/CDbConnection.php(221): CDbConnection->setActive(true)
#2 /data/hosting/scripts/framework/base/CModule.php(372): CDbConnection->init()
#3 /data/hosting/scripts/framework/base/CApplication.php(406): CModule->getComponent('db')
#4 /data/hosting/scripts/framework/db/ar/CActiveRecord.php(589): CApplication->getDb()
#5 /data/hosting/scripts/framework/db/ar/CActiveRecord.php(2167): CActiveRecord->getDbConnection()
#6 /data/hosting/scripts/framework/db/ar/CActiveRecord.php(353): CActiveRecordMetaData->__construct(Object(Post))
#7 /data/hosting/scripts/framework/web/CActiveDataProvider.php(63): CActiveRecord::model('Post')
#8 /data/hosting/scripts/GoMulti/protected/controllers/PostController.php(132): CActiveDataProvider->__construct('Post', Array)
#9 /data/hosting/scripts/framework/web/actions/CInlineAction.php(57): PostController->actionIndex()
#10 /data/hosting/scripts/framework/web/CController.php(300): CInlineAction->run()
#11 /data/hosting/scripts/framework/web/filters/CFilterChain.php(133): CController->runAction(Object(CInlineAction))
#12 /data/hosting/scripts/framework/web/filters/CFilter.php(41): CFilterChain->run()
#13 /data/hosting/scripts/framework/web/CController.php(1084): CFilter->filter(Object(CFilterChain))
#14 /data/hosting/scripts/framework/web/filters/CInlineFilter.php(59): CController->filterAccessControl(Object(CFilterChain))
#15 /data/hosting/scripts/framework/web/filters/CFilterChain.php(130): CInlineFilter->filter(Object(CFilterChain))
#16 /data/hosting/scripts/framework/web/CController.php(283): CFilterChain->run()
#17 /data/hosting/scripts/framework/web/CController.php(257): CController->runActionWithFilters(Object(CInlineAction), Array)
#18 /data/hosting/scripts/framework/web/CWebApplication.php(324): CController->run('index')
#19 /data/hosting/scripts/framework/web/CWebApplication.php(121): CWebApplication->runController('post/index')
#20 /data/hosting/scripts/framework/base/CApplication.php(135): CWebApplication->processRequest()
#21 /data/hosting/scripts/GoMulti/index.php(11): CApplication->run()
#22 {main} REQUEST_URI=/GoMulti/index.php/post/index
2013/05/01 17:09:41 [error] [exception.CException] exception 'CException' with message 'CAssetManager.basePath "/data/hosting/scripts/GoMulti/assets" is invalid. Please make sure the directory exists and is writable by the Web server process.' in /data/hosting/scripts/framework/web/CAssetManager.php:98
Stack trace:
#0 /data/hosting/scripts/framework/web/CAssetManager.php(83): CAssetManager->setBasePath('/data/hosting/s...')
#1 /data/hosting/scripts/framework/web/CAssetManager.php(185): CAssetManager->getBasePath()
#2 /data/hosting/scripts/framework/web/CClientScript.php(387): CAssetManager->publish('/data/hosting/s...')
#3 /data/hosting/scripts/framework/web/CClientScript.php(238): CClientScript->getCoreScriptUrl()
#4 /data/hosting/scripts/framework/web/CClientScript.php(133): CClientScript->renderCoreScripts()
#5 /data/hosting/scripts/framework/web/CController.php(318): CClientScript->render('<!DOCTYPE html ...')
#6 /data/hosting/scripts/framework/web/CController.php(752): CController->processOutput('<!DOCTYPE html ...')
#7 /data/hosting/scripts/GoMulti/protected/controllers/SiteController.php(65): CController->render('contact', Array)
#8 /data/hosting/scripts/framework/web/actions/CInlineAction.php(57): SiteController->actionContact()
#9 /data/hosting/scripts/framework/web/CController.php(300): CInlineAction->run()
#10 /data/hosting/scripts/framework/web/CController.php(278): CController->runAction(Object(CInlineAction))
#11 /data/hosting/scripts/framework/web/CController.php(257): CController->runActionWithFilters(Object(CInlineAction), Array)
#12 /data/hosting/scripts/framework/web/CWebApplication.php(324): CController->run('contact')
#13 /data/hosting/scripts/framework/web/CWebApplication.php(121): CWebApplication->runController('site/contact')
#14 /data/hosting/scripts/framework/base/CApplication.php(135): CWebApplication->processRequest()
#15 /data/hosting/scripts/GoMulti/index.php(11): CApplication->run()
#16 {main} REQUEST_URI=/GoMulti/index.php/site/contact
2013/05/20 20:51:04 [error] [exception.CDbException] could not find driver
2013/05/20 20:51:04 [error] [exception.CDbException] exception 'CDbException' with message 'CDbConnection failed to open the DB connection.' in /data/hosting/scripts/framework/db/CDbConnection.php:275
Stack trace:
#0 /data/hosting/scripts/framework/db/CDbConnection.php(242): CDbConnection->open()
#1 /data/hosting/scripts/framework/db/CDbConnection.php(221): CDbConnection->setActive(true)
#2 /data/hosting/scripts/framework/base/CModule.php(372): CDbConnection->init()
#3 /data/hosting/scripts/framework/base/CApplication.php(406): CModule->getComponent('db')
#4 /data/hosting/scripts/framework/db/ar/CActiveRecord.php(589): CApplication->getDb()
#5 /data/hosting/scripts/framework/db/ar/CActiveRecord.php(2167): CActiveRecord->getDbConnection()
#6 /data/hosting/scripts/framework/db/ar/CActiveRecord.php(353): CActiveRecordMetaData->__construct(Object(JPRadical))
#7 /data/hosting/scripts/dict/protected/models/JPRadical.php(10): CActiveRecord::model('JPRadical')
#8 /data/hosting/scripts/dict/protected/controllers/SiteController.php(44): JPRadical::model()
#9 /data/hosting/scripts/framework/web/actions/CInlineAction.php(57): SiteController->actionIndex()
#10 /data/hosting/scripts/framework/web/CController.php(300): CInlineAction->run()
#11 /data/hosting/scripts/framework/web/CController.php(278): CController->runAction(Object(CInlineAction))
#12 /data/hosting/scripts/framework/web/CController.php(257): CController->runActionWithFilters(Object(CInlineAction), Array)
#13 /data/hosting/scripts/framework/web/CWebApplication.php(324): CController->run('')
#14 /data/hosting/scripts/framework/web/CWebApplication.php(121): CWebApplication->runController('')
#15 /data/hosting/scripts/framework/base/CApplication.php(135): CWebApplication->processRequest()
#16 /data/hosting/scripts/dict/index.php(11): CApplication->run()
#17 {main} REQUEST_URI=/dict/
2013/05/20 20:51:58 [error] [exception.CDbException] could not find driver
2013/05/20 20:51:58 [error] [exception.CDbException] exception 'CDbException' with message 'CDbConnection failed to open the DB connection.' in /data/hosting/scripts/framework/db/CDbConnection.php:275
Stack trace:
#0 /data/hosting/scripts/framework/db/CDbConnection.php(242): CDbConnection->open()
#1 /data/hosting/scripts/framework/db/CDbConnection.php(221): CDbConnection->setActive(true)
#2 /data/hosting/scripts/framework/base/CModule.php(372): CDbConnection->init()
#3 /data/hosting/scripts/framework/base/CApplication.php(406): CModule->getComponent('db')
#4 /data/hosting/scripts/framework/db/ar/CActiveRecord.php(589): CApplication->getDb()
#5 /data/hosting/scripts/framework/db/ar/CActiveRecord.php(2167): CActiveRecord->getDbConnection()
#6 /data/hosting/scripts/framework/db/ar/CActiveRecord.php(353): CActiveRecordMetaData->__construct(Object(JPRadical))
#7 /data/hosting/scripts/dict/protected/models/JPRadical.php(10): CActiveRecord::model('JPRadical')
#8 /data/hosting/scripts/dict/protected/controllers/SiteController.php(44): JPRadical::model()
#9 /data/hosting/scripts/framework/web/actions/CInlineAction.php(57): SiteController->actionIndex()
#10 /data/hosting/scripts/framework/web/CController.php(300): CInlineAction->run()
#11 /data/hosting/scripts/framework/web/CController.php(278): CController->runAction(Object(CInlineAction))
#12 /data/hosting/scripts/framework/web/CController.php(257): CController->runActionWithFilters(Object(CInlineAction), Array)
#13 /data/hosting/scripts/framework/web/CWebApplication.php(324): CController->run('')
#14 /data/hosting/scripts/framework/web/CWebApplication.php(121): CWebApplication->runController('')
#15 /data/hosting/scripts/framework/base/CApplication.php(135): CWebApplication->processRequest()
#16 /data/hosting/scripts/dict/index.php(11): CApplication->run()
#17 {main} REQUEST_URI=/dict/
2013/05/20 20:52:00 [error] [exception.CDbException] could not find driver
2013/05/20 20:52:00 [error] [exception.CDbException] exception 'CDbException' with message 'CDbConnection failed to open the DB connection.' in /data/hosting/scripts/framework/db/CDbConnection.php:275
Stack trace:
#0 /data/hosting/scripts/framework/db/CDbConnection.php(242): CDbConnection->open()
#1 /data/hosting/scripts/framework/db/CDbConnection.php(221): CDbConnection->setActive(true)
#2 /data/hosting/scripts/framework/base/CModule.php(372): CDbConnection->init()
#3 /data/hosting/scripts/framework/base/CApplication.php(406): CModule->getComponent('db')
#4 /data/hosting/scripts/framework/db/ar/CActiveRecord.php(589): CApplication->getDb()
#5 /data/hosting/scripts/framework/db/ar/CActiveRecord.php(2167): CActiveRecord->getDbConnection()
#6 /data/hosting/scripts/framework/db/ar/CActiveRecord.php(353): CActiveRecordMetaData->__construct(Object(JPRadical))
#7 /data/hosting/scripts/dict/protected/models/JPRadical.php(10): CActiveRecord::model('JPRadical')
#8 /data/hosting/scripts/dict/protected/controllers/SiteController.php(44): JPRadical::model()
#9 /data/hosting/scripts/framework/web/actions/CInlineAction.php(57): SiteController->actionIndex()
#10 /data/hosting/scripts/framework/web/CController.php(300): CInlineAction->run()
#11 /data/hosting/scripts/framework/web/CController.php(278): CController->runAction(Object(CInlineAction))
#12 /data/hosting/scripts/framework/web/CController.php(257): CController->runActionWithFilters(Object(CInlineAction), Array)
#13 /data/hosting/scripts/framework/web/CWebApplication.php(324): CController->run('')
#14 /data/hosting/scripts/framework/web/CWebApplication.php(121): CWebApplication->runController('')
#15 /data/hosting/scripts/framework/base/CApplication.php(135): CWebApplication->processRequest()
#16 /data/hosting/scripts/dict/index.php(11): CApplication->run()
#17 {main} REQUEST_URI=/dict/
2013/05/20 20:52:01 [error] [exception.CDbException] could not find driver
2013/05/20 20:52:01 [error] [exception.CDbException] exception 'CDbException' with message 'CDbConnection failed to open the DB connection.' in /data/hosting/scripts/framework/db/CDbConnection.php:275
Stack trace:
#0 /data/hosting/scripts/framework/db/CDbConnection.php(242): CDbConnection->open()
#1 /data/hosting/scripts/framework/db/CDbConnection.php(221): CDbConnection->setActive(true)
#2 /data/hosting/scripts/framework/base/CModule.php(372): CDbConnection->init()
#3 /data/hosting/scripts/framework/base/CApplication.php(406): CModule->getComponent('db')
#4 /data/hosting/scripts/framework/db/ar/CActiveRecord.php(589): CApplication->getDb()
#5 /data/hosting/scripts/framework/db/ar/CActiveRecord.php(2167): CActiveRecord->getDbConnection()
#6 /data/hosting/scripts/framework/db/ar/CActiveRecord.php(353): CActiveRecordMetaData->__construct(Object(JPRadical))
#7 /data/hosting/scripts/dict/protected/models/JPRadical.php(10): CActiveRecord::model('JPRadical')
#8 /data/hosting/scripts/dict/protected/controllers/SiteController.php(44): JPRadical::model()
#9 /data/hosting/scripts/framework/web/actions/CInlineAction.php(57): SiteController->actionIndex()
#10 /data/hosting/scripts/framework/web/CController.php(300): CInlineAction->run()
#11 /data/hosting/scripts/framework/web/CController.php(278): CController->runAction(Object(CInlineAction))
#12 /data/hosting/scripts/framework/web/CController.php(257): CController->runActionWithFilters(Object(CInlineAction), Array)
#13 /data/hosting/scripts/framework/web/CWebApplication.php(324): CController->run('')
#14 /data/hosting/scripts/framework/web/CWebApplication.php(121): CWebApplication->runController('')
#15 /data/hosting/scripts/framework/base/CApplication.php(135): CWebApplication->processRequest()
#16 /data/hosting/scripts/dict/index.php(11): CApplication->run()
#17 {main} REQUEST_URI=/dict/
2013/05/20 20:52:07 [error] [exception.CDbException] could not find driver
2013/05/20 20:52:07 [error] [exception.CDbException] exception 'CDbException' with message 'CDbConnection failed to open the DB connection.' in /data/hosting/scripts/framework/db/CDbConnection.php:275
Stack trace:
#0 /data/hosting/scripts/framework/db/CDbConnection.php(242): CDbConnection->open()
#1 /data/hosting/scripts/framework/db/CDbConnection.php(221): CDbConnection->setActive(true)
#2 /data/hosting/scripts/framework/base/CModule.php(372): CDbConnection->init()
#3 /data/hosting/scripts/framework/base/CApplication.php(406): CModule->getComponent('db')
#4 /data/hosting/scripts/framework/db/ar/CActiveRecord.php(589): CApplication->getDb()
#5 /data/hosting/scripts/framework/db/ar/CActiveRecord.php(2167): CActiveRecord->getDbConnection()
#6 /data/hosting/scripts/framework/db/ar/CActiveRecord.php(353): CActiveRecordMetaData->__construct(Object(JPRadical))
#7 /data/hosting/scripts/dict/protected/models/JPRadical.php(10): CActiveRecord::model('JPRadical')
#8 /data/hosting/scripts/dict/protected/controllers/SiteController.php(44): JPRadical::model()
#9 /data/hosting/scripts/framework/web/actions/CInlineAction.php(57): SiteController->actionIndex()
#10 /data/hosting/scripts/framework/web/CController.php(300): CInlineAction->run()
#11 /data/hosting/scripts/framework/web/CController.php(278): CController->runAction(Object(CInlineAction))
#12 /data/hosting/scripts/framework/web/CController.php(257): CController->runActionWithFilters(Object(CInlineAction), Array)
#13 /data/hosting/scripts/framework/web/CWebApplication.php(324): CController->run('')
#14 /data/hosting/scripts/framework/web/CWebApplication.php(121): CWebApplication->runController('')
#15 /data/hosting/scripts/framework/base/CApplication.php(135): CWebApplication->processRequest()
#16 /data/hosting/scripts/dict/index.php(11): CApplication->run()
#17 {main} REQUEST_URI=/dict/
2013/05/20 20:52:08 [error] [exception.CDbException] could not find driver
2013/05/20 20:52:08 [error] [exception.CDbException] exception 'CDbException' with message 'CDbConnection failed to open the DB connection.' in /data/hosting/scripts/framework/db/CDbConnection.php:275
Stack trace:
#0 /data/hosting/scripts/framework/db/CDbConnection.php(242): CDbConnection->open()
#1 /data/hosting/scripts/framework/db/CDbConnection.php(221): CDbConnection->setActive(true)
#2 /data/hosting/scripts/framework/base/CModule.php(372): CDbConnection->init()
#3 /data/hosting/scripts/framework/base/CApplication.php(406): CModule->getComponent('db')
#4 /data/hosting/scripts/framework/db/ar/CActiveRecord.php(589): CApplication->getDb()
#5 /data/hosting/scripts/framework/db/ar/CActiveRecord.php(2167): CActiveRecord->getDbConnection()
#6 /data/hosting/scripts/framework/db/ar/CActiveRecord.php(353): CActiveRecordMetaData->__construct(Object(JPRadical))
#7 /data/hosting/scripts/dict/protected/models/JPRadical.php(10): CActiveRecord::model('JPRadical')
#8 /data/hosting/scripts/dict/protected/controllers/SiteController.php(44): JPRadical::model()
#9 /data/hosting/scripts/framework/web/actions/CInlineAction.php(57): SiteController->actionIndex()
#10 /data/hosting/scripts/framework/web/CController.php(300): CInlineAction->run()
#11 /data/hosting/scripts/framework/web/CController.php(278): CController->runAction(Object(CInlineAction))
#12 /data/hosting/scripts/framework/web/CController.php(257): CController->runActionWithFilters(Object(CInlineAction), Array)
#13 /data/hosting/scripts/framework/web/CWebApplication.php(324): CController->run('')
#14 /data/hosting/scripts/framework/web/CWebApplication.php(121): CWebApplication->runController('')
#15 /data/hosting/scripts/framework/base/CApplication.php(135): CWebApplication->processRequest()
#16 /data/hosting/scripts/dict/index.php(11): CApplication->run()
#17 {main} REQUEST_URI=/dict/
2013/05/20 20:52:35 [error] [exception.CDbException] could not find driver
2013/05/20 20:52:35 [error] [exception.CDbException] exception 'CDbException' with message 'CDbConnection failed to open the DB connection.' in /data/hosting/scripts/framework/db/CDbConnection.php:275
Stack trace:
#0 /data/hosting/scripts/framework/db/CDbConnection.php(242): CDbConnection->open()
#1 /data/hosting/scripts/framework/db/CDbConnection.php(221): CDbConnection->setActive(true)
#2 /data/hosting/scripts/framework/base/CModule.php(372): CDbConnection->init()
#3 /data/hosting/scripts/framework/base/CApplication.php(406): CModule->getComponent('db')
#4 /data/hosting/scripts/framework/db/ar/CActiveRecord.php(589): CApplication->getDb()
#5 /data/hosting/scripts/framework/db/ar/CActiveRecord.php(2167): CActiveRecord->getDbConnection()
#6 /data/hosting/scripts/framework/db/ar/CActiveRecord.php(353): CActiveRecordMetaData->__construct(Object(JPRadical))
#7 /data/hosting/scripts/dict/protected/models/JPRadical.php(10): CActiveRecord::model('JPRadical')
#8 /data/hosting/scripts/dict/protected/controllers/SiteController.php(44): JPRadical::model()
#9 /data/hosting/scripts/framework/web/actions/CInlineAction.php(57): SiteController->actionIndex()
#10 /data/hosting/scripts/framework/web/CController.php(300): CInlineAction->run()
#11 /data/hosting/scripts/framework/web/CController.php(278): CController->runAction(Object(CInlineAction))
#12 /data/hosting/scripts/framework/web/CController.php(257): CController->runActionWithFilters(Object(CInlineAction), Array)
#13 /data/hosting/scripts/framework/web/CWebApplication.php(324): CController->run('')
#14 /data/hosting/scripts/framework/web/CWebApplication.php(121): CWebApplication->runController('')
#15 /data/hosting/scripts/framework/base/CApplication.php(135): CWebApplication->processRequest()
#16 /data/hosting/scripts/dict/index.php(11): CApplication->run()
#17 {main} REQUEST_URI=/dict/
2013/05/20 20:52:36 [error] [exception.CDbException] could not find driver
2013/05/20 20:52:36 [error] [exception.CDbException] exception 'CDbException' with message 'CDbConnection failed to open the DB connection.' in /data/hosting/scripts/framework/db/CDbConnection.php:275
Stack trace:
#0 /data/hosting/scripts/framework/db/CDbConnection.php(242): CDbConnection->open()
#1 /data/hosting/scripts/framework/db/CDbConnection.php(221): CDbConnection->setActive(true)
#2 /data/hosting/scripts/framework/base/CModule.php(372): CDbConnection->init()
#3 /data/hosting/scripts/framework/base/CApplication.php(406): CModule->getComponent('db')
#4 /data/hosting/scripts/framework/db/ar/CActiveRecord.php(589): CApplication->getDb()
#5 /data/hosting/scripts/framework/db/ar/CActiveRecord.php(2167): CActiveRecord->getDbConnection()
#6 /data/hosting/scripts/framework/db/ar/CActiveRecord.php(353): CActiveRecordMetaData->__construct(Object(JPRadical))
#7 /data/hosting/scripts/dict/protected/models/JPRadical.php(10): CActiveRecord::model('JPRadical')
#8 /data/hosting/scripts/dict/protected/controllers/SiteController.php(44): JPRadical::model()
#9 /data/hosting/scripts/framework/web/actions/CInlineAction.php(57): SiteController->actionIndex()
#10 /data/hosting/scripts/framework/web/CController.php(300): CInlineAction->run()
#11 /data/hosting/scripts/framework/web/CController.php(278): CController->runAction(Object(CInlineAction))
#12 /data/hosting/scripts/framework/web/CController.php(257): CController->runActionWithFilters(Object(CInlineAction), Array)
#13 /data/hosting/scripts/framework/web/CWebApplication.php(324): CController->run('')
#14 /data/hosting/scripts/framework/web/CWebApplication.php(121): CWebApplication->runController('')
#15 /data/hosting/scripts/framework/base/CApplication.php(135): CWebApplication->processRequest()
#16 /data/hosting/scripts/dict/index.php(11): CApplication->run()
#17 {main} REQUEST_URI=/dict/
2013/05/20 20:52:37 [error] [exception.CDbException] could not find driver
2013/05/20 20:52:37 [error] [exception.CDbException] exception 'CDbException' with message 'CDbConnection failed to open the DB connection.' in /data/hosting/scripts/framework/db/CDbConnection.php:275
Stack trace:
#0 /data/hosting/scripts/framework/db/CDbConnection.php(242): CDbConnection->open()
#1 /data/hosting/scripts/framework/db/CDbConnection.php(221): CDbConnection->setActive(true)
#2 /data/hosting/scripts/framework/base/CModule.php(372): CDbConnection->init()
#3 /data/hosting/scripts/framework/base/CApplication.php(406): CModule->getComponent('db')
#4 /data/hosting/scripts/framework/db/ar/CActiveRecord.php(589): CApplication->getDb()
#5 /data/hosting/scripts/framework/db/ar/CActiveRecord.php(2167): CActiveRecord->getDbConnection()
#6 /data/hosting/scripts/framework/db/ar/CActiveRecord.php(353): CActiveRecordMetaData->__construct(Object(JPRadical))
#7 /data/hosting/scripts/dict/protected/models/JPRadical.php(10): CActiveRecord::model('JPRadical')
#8 /data/hosting/scripts/dict/protected/controllers/SiteController.php(44): JPRadical::model()
#9 /data/hosting/scripts/framework/web/actions/CInlineAction.php(57): SiteController->actionIndex()
#10 /data/hosting/scripts/framework/web/CController.php(300): CInlineAction->run()
#11 /data/hosting/scripts/framework/web/CController.php(278): CController->runAction(Object(CInlineAction))
#12 /data/hosting/scripts/framework/web/CController.php(257): CController->runActionWithFilters(Object(CInlineAction), Array)
#13 /data/hosting/scripts/framework/web/CWebApplication.php(324): CController->run('')
#14 /data/hosting/scripts/framework/web/CWebApplication.php(121): CWebApplication->runController('')
#15 /data/hosting/scripts/framework/base/CApplication.php(135): CWebApplication->processRequest()
#16 /data/hosting/scripts/dict/index.php(11): CApplication->run()
#17 {main} REQUEST_URI=/dict/
2013/05/20 21:01:44 [error] [exception.CException] exception 'CException' with message 'Property "JPRadical_Kanji.char" is not defined.' in /data/hosting/scripts/framework/base/CComponent.php:131
Stack trace:
#0 /data/hosting/scripts/framework/db/ar/CActiveRecord.php(110): CComponent->__get('char')
#1 /data/hosting/scripts/dict/protected/views/site/index.php(5): CActiveRecord->__get('char')
#2 /data/hosting/scripts/framework/web/CBaseController.php(119): require('/data/hosting/s...')
#3 /data/hosting/scripts/framework/web/CBaseController.php(88): CBaseController->renderInternal('/data/hosting/s...', Array, true)
#4 /data/hosting/scripts/framework/web/CController.php(833): CBaseController->renderFile('/data/hosting/s...', Array, true)
#5 /data/hosting/scripts/framework/web/CController.php(746): CController->renderPartial('index', Array, true)
#6 /data/hosting/scripts/dict/protected/controllers/SiteController.php(47): CController->render('index', Array)
#7 /data/hosting/scripts/framework/web/actions/CInlineAction.php(57): SiteController->actionIndex()
#8 /data/hosting/scripts/framework/web/CController.php(300): CInlineAction->run()
#9 /data/hosting/scripts/framework/web/CController.php(278): CController->runAction(Object(CInlineAction))
#10 /data/hosting/scripts/framework/web/CController.php(257): CController->runActionWithFilters(Object(CInlineAction), Array)
#11 /data/hosting/scripts/framework/web/CWebApplication.php(324): CController->run('')
#12 /data/hosting/scripts/framework/web/CWebApplication.php(121): CWebApplication->runController('')
#13 /data/hosting/scripts/framework/base/CApplication.php(135): CWebApplication->processRequest()
#14 /data/hosting/scripts/dict/index.php(11): CApplication->run()
#15 {main} REQUEST_URI=/dict/
2013/05/20 21:01:58 [error] [system.db.CDbCommand] Error in preparing SQL: SELECT 'kanjis'."id" AS "t1_c0", 'kanjis'."char" AS "t1_c1", 'kanjis'."unicode" AS "t1_c2", 'kanjis'."strokes" AS "t1_c3", 'kanjis'."kana" AS "t1_c4", 'kanjis'."english" AS "t1_c5" FROM 'dict_JPKanji' 'kanjis'  WHERE ('kanjis'."jpradical_id"=:ypl0)
2013/05/20 21:01:58 [error] [exception.CDbException] exception 'CDbException' with message 'CDbCommand failed to prepare the SQL statement: SQLSTATE[HY000]: General error: 1 no such column: kanjis.jpradical_id' in /data/hosting/scripts/framework/db/CDbCommand.php:179
Stack trace:
#0 /data/hosting/scripts/framework/db/CDbCommand.php(232): CDbCommand->prepare()
#1 /data/hosting/scripts/framework/db/schema/CDbCommandBuilder.php(440): CDbCommand->bindValue(':ypl0', '1')
#2 /data/hosting/scripts/framework/db/ar/CActiveFinder.php(1247): CDbCommandBuilder->bindValues(Object(CDbCommand), Array)
#3 /data/hosting/scripts/framework/db/ar/CActiveFinder.php(734): CJoinQuery->createCommand(Object(CSqliteCommandBuilder))
#4 /data/hosting/scripts/framework/db/ar/CActiveFinder.php(463): CJoinElement->runQuery(Object(CJoinQuery))
#5 /data/hosting/scripts/framework/db/ar/CActiveFinder.php(166): CJoinElement->lazyFind(Object(JPRadical))
#6 /data/hosting/scripts/framework/db/ar/CActiveRecord.php(240): CActiveFinder->lazyFind(Object(JPRadical))
#7 /data/hosting/scripts/framework/db/ar/CActiveRecord.php(108): CActiveRecord->getRelated('kanjis')
#8 /data/hosting/scripts/dict/protected/views/site/index.php(4): CActiveRecord->__get('kanjis')
#9 /data/hosting/scripts/framework/web/CBaseController.php(119): require('/data/hosting/s...')
#10 /data/hosting/scripts/framework/web/CBaseController.php(88): CBaseController->renderInternal('/data/hosting/s...', Array, true)
#11 /data/hosting/scripts/framework/web/CController.php(833): CBaseController->renderFile('/data/hosting/s...', Array, true)
#12 /data/hosting/scripts/framework/web/CController.php(746): CController->renderPartial('index', Array, true)
#13 /data/hosting/scripts/dict/protected/controllers/SiteController.php(47): CController->render('index', Array)
#14 /data/hosting/scripts/framework/web/actions/CInlineAction.php(57): SiteController->actionIndex()
#15 /data/hosting/scripts/framework/web/CController.php(300): CInlineAction->run()
#16 /data/hosting/scripts/framework/web/CController.php(278): CController->runAction(Object(CInlineAction))
#17 /data/hosting/scripts/framework/web/CController.php(257): CController->runActionWithFilters(Object(CInlineAction), Array)
#18 /data/hosting/scripts/framework/web/CWebApplication.php(324): CController->run('')
#19 /data/hosting/scripts/framework/web/CWebApplication.php(121): CWebApplication->runController('')
#20 /data/hosting/scripts/framework/base/CApplication.php(135): CWebApplication->processRequest()
#21 /data/hosting/scripts/dict/index.php(11): CApplication->run()
#22 {main} REQUEST_URI=/dict/
2013/05/20 21:03:40 [error] [exception.CDbException] exception 'CDbException' with message 'The relation "kanjis" in active record class "JPRadical" is not specified correctly: the join table "JPRadical_Kanji" given in the foreign key cannot be found in the database.' in /data/hosting/scripts/framework/db/ar/CActiveFinder.php:500
Stack trace:
#0 /data/hosting/scripts/framework/db/ar/CActiveFinder.php(456): CJoinElement->applyLazyCondition(Object(CJoinQuery), Object(JPRadical))
#1 /data/hosting/scripts/framework/db/ar/CActiveFinder.php(166): CJoinElement->lazyFind(Object(JPRadical))
#2 /data/hosting/scripts/framework/db/ar/CActiveRecord.php(240): CActiveFinder->lazyFind(Object(JPRadical))
#3 /data/hosting/scripts/framework/db/ar/CActiveRecord.php(108): CActiveRecord->getRelated('kanjis')
#4 /data/hosting/scripts/dict/protected/views/site/index.php(4): CActiveRecord->__get('kanjis')
#5 /data/hosting/scripts/framework/web/CBaseController.php(119): require('/data/hosting/s...')
#6 /data/hosting/scripts/framework/web/CBaseController.php(88): CBaseController->renderInternal('/data/hosting/s...', Array, true)
#7 /data/hosting/scripts/framework/web/CController.php(833): CBaseController->renderFile('/data/hosting/s...', Array, true)
#8 /data/hosting/scripts/framework/web/CController.php(746): CController->renderPartial('index', Array, true)
#9 /data/hosting/scripts/dict/protected/controllers/SiteController.php(47): CController->render('index', Array)
#10 /data/hosting/scripts/framework/web/actions/CInlineAction.php(57): SiteController->actionIndex()
#11 /data/hosting/scripts/framework/web/CController.php(300): CInlineAction->run()
#12 /data/hosting/scripts/framework/web/CController.php(278): CController->runAction(Object(CInlineAction))
#13 /data/hosting/scripts/framework/web/CController.php(257): CController->runActionWithFilters(Object(CInlineAction), Array)
#14 /data/hosting/scripts/framework/web/CWebApplication.php(324): CController->run('')
#15 /data/hosting/scripts/framework/web/CWebApplication.php(121): CWebApplication->runController('')
#16 /data/hosting/scripts/framework/base/CApplication.php(135): CWebApplication->processRequest()
#17 /data/hosting/scripts/dict/index.php(11): CApplication->run()
#18 {main} REQUEST_URI=/dict/
2013/05/20 21:04:45 [error] [exception.CDbException] exception 'CDbException' with message 'The relation "kanjis" in active record class "JPRadical" is not specified correctly: the join table "JPRadical_Kanji" given in the foreign key cannot be found in the database.' in /data/hosting/scripts/framework/db/ar/CActiveFinder.php:500
Stack trace:
#0 /data/hosting/scripts/framework/db/ar/CActiveFinder.php(456): CJoinElement->applyLazyCondition(Object(CJoinQuery), Object(JPRadical))
#1 /data/hosting/scripts/framework/db/ar/CActiveFinder.php(166): CJoinElement->lazyFind(Object(JPRadical))
#2 /data/hosting/scripts/framework/db/ar/CActiveRecord.php(240): CActiveFinder->lazyFind(Object(JPRadical))
#3 /data/hosting/scripts/framework/db/ar/CActiveRecord.php(108): CActiveRecord->getRelated('kanjis')
#4 /data/hosting/scripts/dict/protected/views/site/index.php(4): CActiveRecord->__get('kanjis')
#5 /data/hosting/scripts/framework/web/CBaseController.php(119): require('/data/hosting/s...')
#6 /data/hosting/scripts/framework/web/CBaseController.php(88): CBaseController->renderInternal('/data/hosting/s...', Array, true)
#7 /data/hosting/scripts/framework/web/CController.php(833): CBaseController->renderFile('/data/hosting/s...', Array, true)
#8 /data/hosting/scripts/framework/web/CController.php(746): CController->renderPartial('index', Array, true)
#9 /data/hosting/scripts/dict/protected/controllers/SiteController.php(47): CController->render('index', Array)
#10 /data/hosting/scripts/framework/web/actions/CInlineAction.php(57): SiteController->actionIndex()
#11 /data/hosting/scripts/framework/web/CController.php(300): CInlineAction->run()
#12 /data/hosting/scripts/framework/web/CController.php(278): CController->runAction(Object(CInlineAction))
#13 /data/hosting/scripts/framework/web/CController.php(257): CController->runActionWithFilters(Object(CInlineAction), Array)
#14 /data/hosting/scripts/framework/web/CWebApplication.php(324): CController->run('')
#15 /data/hosting/scripts/framework/web/CWebApplication.php(121): CWebApplication->runController('')
#16 /data/hosting/scripts/framework/base/CApplication.php(135): CWebApplication->processRequest()
#17 /data/hosting/scripts/dict/index.php(11): CApplication->run()
#18 {main} REQUEST_URI=/dict/
2013/05/20 21:23:52 [error] [exception.CHttpException.404] exception 'CHttpException' with message 'Unable to resolve the request "fromradical".' in /data/hosting/scripts/framework/web/CWebApplication.php:328
Stack trace:
#0 /data/hosting/scripts/framework/web/CWebApplication.php(121): CWebApplication->runController('fromradical')
#1 /data/hosting/scripts/framework/base/CApplication.php(135): CWebApplication->processRequest()
#2 /data/hosting/scripts/dict/index.php(11): CApplication->run()
#3 {main} REQUEST_URI=/dict/fromradical
2013/05/20 21:23:52 [error] [exception.CHttpException.404] exception 'CHttpException' with message 'Unable to resolve the request "img/sprites.png".' in /data/hosting/scripts/framework/web/CWebApplication.php:328
Stack trace:
#0 /data/hosting/scripts/framework/web/CWebApplication.php(121): CWebApplication->runController('img/sprites.png')
#1 /data/hosting/scripts/framework/base/CApplication.php(135): CWebApplication->processRequest()
#2 /data/hosting/scripts/dict/index.php(11): CApplication->run()
#3 {main} REQUEST_URI=/dict/img/sprites.png
2013/05/20 21:23:55 [error] [exception.CHttpException.404] exception 'CHttpException' with message 'Unable to resolve the request "from_radical/{{dic_lang}}/98/-1".' in /data/hosting/scripts/framework/web/CWebApplication.php:328
Stack trace:
#0 /data/hosting/scripts/framework/web/CWebApplication.php(121): CWebApplication->runController('from_radical/{{...')
#1 /data/hosting/scripts/framework/base/CApplication.php(135): CWebApplication->processRequest()
#2 /data/hosting/scripts/dict/index.php(11): CApplication->run()
#3 {main} REQUEST_URI=/dict/from_radical/%7B%7Bdic_lang%7D%7D/98/-1
2013/05/20 21:24:58 [error] [exception.CHttpException.404] exception 'CHttpException' with message 'Unable to resolve the request "from_radical/ja/98/-1".' in /data/hosting/scripts/framework/web/CWebApplication.php:328
Stack trace:
#0 /data/hosting/scripts/framework/web/CWebApplication.php(121): CWebApplication->runController('from_radical/ja...')
#1 /data/hosting/scripts/framework/base/CApplication.php(135): CWebApplication->processRequest()
#2 /data/hosting/scripts/dict/index.php(11): CApplication->run()
#3 {main} REQUEST_URI=/dict/from_radical/ja/98/-1
2013/05/20 21:25:32 [error] [exception.CHttpException.404] exception 'CHttpException' with message 'Unable to resolve the request "from_radical/ja/98/-1".' in /data/hosting/scripts/framework/web/CWebApplication.php:328
Stack trace:
#0 /data/hosting/scripts/framework/web/CWebApplication.php(121): CWebApplication->runController('from_radical/ja...')
#1 /data/hosting/scripts/framework/base/CApplication.php(135): CWebApplication->processRequest()
#2 /data/hosting/scripts/dict/index.php(11): CApplication->run()
#3 {main} REQUEST_URI=/dict/from_radical/ja/98/-1
2013/05/20 21:26:23 [error] [exception.CHttpException.404] exception 'CHttpException' with message 'Unable to resolve the request "from_radical/ja/98/-1".' in /data/hosting/scripts/framework/web/CWebApplication.php:328
Stack trace:
#0 /data/hosting/scripts/framework/web/CWebApplication.php(121): CWebApplication->runController('from_radical/ja...')
#1 /data/hosting/scripts/framework/base/CApplication.php(135): CWebApplication->processRequest()
#2 /data/hosting/scripts/dict/index.php(11): CApplication->run()
#3 {main} REQUEST_URI=/dict/from_radical/ja/98/-1
2013/05/20 21:26:25 [error] [exception.CHttpException.404] exception 'CHttpException' with message 'Unable to resolve the request "from_radical/ja/98/-1".' in /data/hosting/scripts/framework/web/CWebApplication.php:328
Stack trace:
#0 /data/hosting/scripts/framework/web/CWebApplication.php(121): CWebApplication->runController('from_radical/ja...')
#1 /data/hosting/scripts/framework/base/CApplication.php(135): CWebApplication->processRequest()
#2 /data/hosting/scripts/dict/index.php(11): CApplication->run()
#3 {main} REQUEST_URI=/dict/from_radical/ja/98/-1
2013/05/20 21:26:25 [error] [exception.CHttpException.404] exception 'CHttpException' with message 'Unable to resolve the request "from_radical/ja/98/-1".' in /data/hosting/scripts/framework/web/CWebApplication.php:328
Stack trace:
#0 /data/hosting/scripts/framework/web/CWebApplication.php(121): CWebApplication->runController('from_radical/ja...')
#1 /data/hosting/scripts/framework/base/CApplication.php(135): CWebApplication->processRequest()
#2 /data/hosting/scripts/dict/index.php(11): CApplication->run()
#3 {main} REQUEST_URI=/dict/from_radical/ja/98/-1
2013/05/20 21:26:25 [error] [exception.CHttpException.404] exception 'CHttpException' with message 'Unable to resolve the request "from_radical/ja/98/-1".' in /data/hosting/scripts/framework/web/CWebApplication.php:328
Stack trace:
#0 /data/hosting/scripts/framework/web/CWebApplication.php(121): CWebApplication->runController('from_radical/ja...')
#1 /data/hosting/scripts/framework/base/CApplication.php(135): CWebApplication->processRequest()
#2 /data/hosting/scripts/dict/index.php(11): CApplication->run()
#3 {main} REQUEST_URI=/dict/from_radical/ja/98/-1
2013/05/20 21:27:24 [error] [exception.CHttpException.404] exception 'CHttpException' with message 'Unable to resolve the request "from_radical/ja/98/-1".' in /data/hosting/scripts/framework/web/CWebApplication.php:328
Stack trace:
#0 /data/hosting/scripts/framework/web/CWebApplication.php(121): CWebApplication->runController('from_radical/ja...')
#1 /data/hosting/scripts/framework/base/CApplication.php(135): CWebApplication->processRequest()
#2 /data/hosting/scripts/dict/index.php(11): CApplication->run()
#3 {main} REQUEST_URI=/dict/from_radical/ja/98/-1
2013/05/20 21:27:31 [error] [exception.CHttpException.404] exception 'CHttpException' with message 'Unable to resolve the request "from_radical".' in /data/hosting/scripts/framework/web/CWebApplication.php:328
Stack trace:
#0 /data/hosting/scripts/framework/web/CWebApplication.php(121): CWebApplication->runController('from_radical')
#1 /data/hosting/scripts/framework/base/CApplication.php(135): CWebApplication->processRequest()
#2 /data/hosting/scripts/dict/index.php(11): CApplication->run()
#3 {main} REQUEST_URI=/dict/from_radical/
2013/05/20 21:27:37 [error] [exception.CHttpException.404] exception 'CHttpException' with message 'Unable to resolve the request "fromradical".' in /data/hosting/scripts/framework/web/CWebApplication.php:328
Stack trace:
#0 /data/hosting/scripts/framework/web/CWebApplication.php(121): CWebApplication->runController('fromradical')
#1 /data/hosting/scripts/framework/base/CApplication.php(135): CWebApplication->processRequest()
#2 /data/hosting/scripts/dict/index.php(11): CApplication->run()
#3 {main} REQUEST_URI=/dict/fromradical/
2013/05/20 21:28:07 [error] [exception.CHttpException.400] exception 'CHttpException' with message 'Your request is invalid.' in /data/hosting/scripts/framework/web/actions/CInlineAction.php:52
Stack trace:
#0 /data/hosting/scripts/framework/web/CController.php(300): CInlineAction->run()
#1 /data/hosting/scripts/framework/web/CController.php(278): CController->runAction(Object(CInlineAction))
#2 /data/hosting/scripts/framework/web/CController.php(257): CController->runActionWithFilters(Object(CInlineAction), Array)
#3 /data/hosting/scripts/framework/web/CWebApplication.php(324): CController->run('from_radical')
#4 /data/hosting/scripts/framework/web/CWebApplication.php(121): CWebApplication->runController('site/from_radic...')
#5 /data/hosting/scripts/framework/base/CApplication.php(135): CWebApplication->processRequest()
#6 /data/hosting/scripts/dict/index.php(11): CApplication->run()
#7 {main} REQUEST_URI=/dict/site/from_radical/ja/98/-1
2013/05/20 21:28:18 [error] [exception.CHttpException.400] exception 'CHttpException' with message 'Your request is invalid.' in /data/hosting/scripts/framework/web/actions/CInlineAction.php:52
Stack trace:
#0 /data/hosting/scripts/framework/web/CController.php(300): CInlineAction->run()
#1 /data/hosting/scripts/framework/web/CController.php(278): CController->runAction(Object(CInlineAction))
#2 /data/hosting/scripts/framework/web/CController.php(257): CController->runActionWithFilters(Object(CInlineAction), Array)
#3 /data/hosting/scripts/framework/web/CWebApplication.php(324): CController->run('fromradical')
#4 /data/hosting/scripts/framework/web/CWebApplication.php(121): CWebApplication->runController('site/fromradica...')
#5 /data/hosting/scripts/framework/base/CApplication.php(135): CWebApplication->processRequest()
#6 /data/hosting/scripts/dict/index.php(11): CApplication->run()
#7 {main} REQUEST_URI=/dict/site/fromradical/ja/98/-1
2013/05/20 21:28:20 [error] [exception.CHttpException.400] exception 'CHttpException' with message 'Your request is invalid.' in /data/hosting/scripts/framework/web/actions/CInlineAction.php:52
Stack trace:
#0 /data/hosting/scripts/framework/web/CController.php(300): CInlineAction->run()
#1 /data/hosting/scripts/framework/web/CController.php(278): CController->runAction(Object(CInlineAction))
#2 /data/hosting/scripts/framework/web/CController.php(257): CController->runActionWithFilters(Object(CInlineAction), Array)
#3 /data/hosting/scripts/framework/web/CWebApplication.php(324): CController->run('from_radical')
#4 /data/hosting/scripts/framework/web/CWebApplication.php(121): CWebApplication->runController('site/from_radic...')
#5 /data/hosting/scripts/framework/base/CApplication.php(135): CWebApplication->processRequest()
#6 /data/hosting/scripts/dict/index.php(11): CApplication->run()
#7 {main} REQUEST_URI=/dict/site/from_radical/ja/98/-1
2013/05/20 21:28:41 [error] [exception.CHttpException.400] exception 'CHttpException' with message 'Your request is invalid.' in /data/hosting/scripts/framework/web/actions/CInlineAction.php:52
Stack trace:
#0 /data/hosting/scripts/framework/web/CController.php(300): CInlineAction->run()
#1 /data/hosting/scripts/framework/web/CController.php(278): CController->runAction(Object(CInlineAction))
#2 /data/hosting/scripts/framework/web/CController.php(257): CController->runActionWithFilters(Object(CInlineAction), Array)
#3 /data/hosting/scripts/framework/web/CWebApplication.php(324): CController->run('fromradical')
#4 /data/hosting/scripts/framework/web/CWebApplication.php(121): CWebApplication->runController('site/fromradica...')
#5 /data/hosting/scripts/framework/base/CApplication.php(135): CWebApplication->processRequest()
#6 /data/hosting/scripts/dict/index.php(11): CApplication->run()
#7 {main} REQUEST_URI=/dict/site/fromradical/ja/98/-1
2013/05/20 21:28:52 [error] [exception.CHttpException.400] exception 'CHttpException' with message 'Your request is invalid.' in /data/hosting/scripts/framework/web/actions/CInlineAction.php:52
Stack trace:
#0 /data/hosting/scripts/framework/web/CController.php(300): CInlineAction->run()
#1 /data/hosting/scripts/framework/web/CController.php(278): CController->runAction(Object(CInlineAction))
#2 /data/hosting/scripts/framework/web/CController.php(257): CController->runActionWithFilters(Object(CInlineAction), Array)
#3 /data/hosting/scripts/framework/web/CWebApplication.php(324): CController->run('fromradical')
#4 /data/hosting/scripts/framework/web/CWebApplication.php(121): CWebApplication->runController('site/fromradica...')
#5 /data/hosting/scripts/framework/base/CApplication.php(135): CWebApplication->processRequest()
#6 /data/hosting/scripts/dict/index.php(11): CApplication->run()
#7 {main} REQUEST_URI=/dict/site/fromradical/ja/98/-1
2013/05/20 21:29:08 [error] [exception.CHttpException.400] exception 'CHttpException' with message 'Your request is invalid.' in /data/hosting/scripts/framework/web/actions/CInlineAction.php:52
Stack trace:
#0 /data/hosting/scripts/framework/web/CController.php(300): CInlineAction->run()
#1 /data/hosting/scripts/framework/web/CController.php(278): CController->runAction(Object(CInlineAction))
#2 /data/hosting/scripts/framework/web/CController.php(257): CController->runActionWithFilters(Object(CInlineAction), Array)
#3 /data/hosting/scripts/framework/web/CWebApplication.php(324): CController->run('fromradical')
#4 /data/hosting/scripts/framework/web/CWebApplication.php(121): CWebApplication->runController('site/fromradica...')
#5 /data/hosting/scripts/framework/base/CApplication.php(135): CWebApplication->processRequest()
#6 /data/hosting/scripts/dict/index.php(11): CApplication->run()
#7 {main} REQUEST_URI=/dict/site/fromradical/ja/98/2
2013/05/20 21:30:29 [error] [exception.CHttpException.400] exception 'CHttpException' with message 'Your request is invalid.' in /data/hosting/scripts/framework/web/actions/CInlineAction.php:52
Stack trace:
#0 /data/hosting/scripts/framework/web/CController.php(300): CInlineAction->run()
#1 /data/hosting/scripts/framework/web/CController.php(278): CController->runAction(Object(CInlineAction))
#2 /data/hosting/scripts/framework/web/CController.php(257): CController->runActionWithFilters(Object(CInlineAction), Array)
#3 /data/hosting/scripts/framework/web/CWebApplication.php(324): CController->run('fromradical')
#4 /data/hosting/scripts/framework/web/CWebApplication.php(121): CWebApplication->runController('site/fromradica...')
#5 /data/hosting/scripts/framework/base/CApplication.php(135): CWebApplication->processRequest()
#6 /data/hosting/scripts/dict/index.php(11): CApplication->run()
#7 {main} REQUEST_URI=/dict/site/fromradical/ja/98/2
2013/05/20 21:30:30 [error] [exception.CHttpException.400] exception 'CHttpException' with message 'Your request is invalid.' in /data/hosting/scripts/framework/web/actions/CInlineAction.php:52
Stack trace:
#0 /data/hosting/scripts/framework/web/CController.php(300): CInlineAction->run()
#1 /data/hosting/scripts/framework/web/CController.php(278): CController->runAction(Object(CInlineAction))
#2 /data/hosting/scripts/framework/web/CController.php(257): CController->runActionWithFilters(Object(CInlineAction), Array)
#3 /data/hosting/scripts/framework/web/CWebApplication.php(324): CController->run('fromradical')
#4 /data/hosting/scripts/framework/web/CWebApplication.php(121): CWebApplication->runController('site/fromradica...')
#5 /data/hosting/scripts/framework/base/CApplication.php(135): CWebApplication->processRequest()
#6 /data/hosting/scripts/dict/index.php(11): CApplication->run()
#7 {main} REQUEST_URI=/dict/site/fromradical/ja/98/2
2013/05/20 21:30:31 [error] [exception.CHttpException.400] exception 'CHttpException' with message 'Your request is invalid.' in /data/hosting/scripts/framework/web/actions/CInlineAction.php:52
Stack trace:
#0 /data/hosting/scripts/framework/web/CController.php(300): CInlineAction->run()
#1 /data/hosting/scripts/framework/web/CController.php(278): CController->runAction(Object(CInlineAction))
#2 /data/hosting/scripts/framework/web/CController.php(257): CController->runActionWithFilters(Object(CInlineAction), Array)
#3 /data/hosting/scripts/framework/web/CWebApplication.php(324): CController->run('fromradical')
#4 /data/hosting/scripts/framework/web/CWebApplication.php(121): CWebApplication->runController('site/fromradica...')
#5 /data/hosting/scripts/framework/base/CApplication.php(135): CWebApplication->processRequest()
#6 /data/hosting/scripts/dict/index.php(11): CApplication->run()
#7 {main} REQUEST_URI=/dict/site/fromradical/ja/98/2
2013/05/20 22:39:36 [error] [exception.CHttpException.400] exception 'CHttpException' with message 'Your request is invalid.' in /data/hosting/scripts/framework/web/actions/CInlineAction.php:52
Stack trace:
#0 /data/hosting/scripts/framework/web/CController.php(300): CInlineAction->run()
#1 /data/hosting/scripts/framework/web/CController.php(278): CController->runAction(Object(CInlineAction))
#2 /data/hosting/scripts/framework/web/CController.php(257): CController->runActionWithFilters(Object(CInlineAction), Array)
#3 /data/hosting/scripts/framework/web/CWebApplication.php(324): CController->run('test')
#4 /data/hosting/scripts/framework/web/CWebApplication.php(121): CWebApplication->runController('site/test/a/1/1')
#5 /data/hosting/scripts/framework/base/CApplication.php(135): CWebApplication->processRequest()
#6 /data/hosting/scripts/dict/index.php(11): CApplication->run()
#7 {main} REQUEST_URI=/dict/site/test/a/1/1
2013/05/20 22:40:02 [error] [exception.CHttpException.400] exception 'CHttpException' with message 'Your request is invalid.' in /data/hosting/scripts/framework/web/actions/CInlineAction.php:52
Stack trace:
#0 /data/hosting/scripts/framework/web/CController.php(300): CInlineAction->run()
#1 /data/hosting/scripts/framework/web/CController.php(278): CController->runAction(Object(CInlineAction))
#2 /data/hosting/scripts/framework/web/CController.php(257): CController->runActionWithFilters(Object(CInlineAction), Array)
#3 /data/hosting/scripts/framework/web/CWebApplication.php(324): CController->run('test')
#4 /data/hosting/scripts/framework/web/CWebApplication.php(121): CWebApplication->runController('site/test/a/1/1')
#5 /data/hosting/scripts/framework/base/CApplication.php(135): CWebApplication->processRequest()
#6 /data/hosting/scripts/dict/index.php(11): CApplication->run()
#7 {main} REQUEST_URI=/dict/site/test/a/1/1
2013/05/20 22:40:03 [error] [exception.CHttpException.400] exception 'CHttpException' with message 'Your request is invalid.' in /data/hosting/scripts/framework/web/actions/CInlineAction.php:52
Stack trace:
#0 /data/hosting/scripts/framework/web/CController.php(300): CInlineAction->run()
#1 /data/hosting/scripts/framework/web/CController.php(278): CController->runAction(Object(CInlineAction))
#2 /data/hosting/scripts/framework/web/CController.php(257): CController->runActionWithFilters(Object(CInlineAction), Array)
#3 /data/hosting/scripts/framework/web/CWebApplication.php(324): CController->run('test')
#4 /data/hosting/scripts/framework/web/CWebApplication.php(121): CWebApplication->runController('site/test/a/1/1')
#5 /data/hosting/scripts/framework/base/CApplication.php(135): CWebApplication->processRequest()
#6 /data/hosting/scripts/dict/index.php(11): CApplication->run()
#7 {main} REQUEST_URI=/dict/site/test/a/1/1
2013/05/20 22:41:05 [error] [exception.CHttpException.400] exception 'CHttpException' with message 'Your request is invalid.' in /data/hosting/scripts/framework/web/actions/CInlineAction.php:52
Stack trace:
#0 /data/hosting/scripts/framework/web/CController.php(300): CInlineAction->run()
#1 /data/hosting/scripts/framework/web/CController.php(278): CController->runAction(Object(CInlineAction))
#2 /data/hosting/scripts/framework/web/CController.php(257): CController->runActionWithFilters(Object(CInlineAction), Array)
#3 /data/hosting/scripts/framework/web/CWebApplication.php(324): CController->run('fromradical')
#4 /data/hosting/scripts/framework/web/CWebApplication.php(121): CWebApplication->runController('site/fromradica...')
#5 /data/hosting/scripts/framework/base/CApplication.php(135): CWebApplication->processRequest()
#6 /data/hosting/scripts/dict/index.php(11): CApplication->run()
#7 {main} REQUEST_URI=/dict/site/fromradical/ja/87/-1
2013/05/20 22:41:32 [error] [exception.CHttpException.400] exception 'CHttpException' with message 'Your request is invalid.' in /data/hosting/scripts/framework/web/actions/CInlineAction.php:52
Stack trace:
#0 /data/hosting/scripts/framework/web/CController.php(300): CInlineAction->run()
#1 /data/hosting/scripts/framework/web/CController.php(278): CController->runAction(Object(CInlineAction))
#2 /data/hosting/scripts/framework/web/CController.php(257): CController->runActionWithFilters(Object(CInlineAction), Array)
#3 /data/hosting/scripts/framework/web/CWebApplication.php(324): CController->run('fromradical')
#4 /data/hosting/scripts/framework/web/CWebApplication.php(121): CWebApplication->runController('site/fromradica...')
#5 /data/hosting/scripts/framework/base/CApplication.php(135): CWebApplication->processRequest()
#6 /data/hosting/scripts/dict/index.php(11): CApplication->run()
#7 {main} REQUEST_URI=/dict/site/fromradical/ja/87/-1
2013/05/20 22:41:33 [error] [exception.CHttpException.404] exception 'CHttpException' with message 'Unable to resolve the request "img/sprites.png".' in /data/hosting/scripts/framework/web/CWebApplication.php:328
Stack trace:
#0 /data/hosting/scripts/framework/web/CWebApplication.php(121): CWebApplication->runController('img/sprites.png')
#1 /data/hosting/scripts/framework/base/CApplication.php(135): CWebApplication->processRequest()
#2 /data/hosting/scripts/dict/index.php(11): CApplication->run()
#3 {main} REQUEST_URI=/dict/img/sprites.png
2013/05/20 22:41:36 [error] [exception.CHttpException.400] exception 'CHttpException' with message 'Your request is invalid.' in /data/hosting/scripts/framework/web/actions/CInlineAction.php:52
Stack trace:
#0 /data/hosting/scripts/framework/web/CController.php(300): CInlineAction->run()
#1 /data/hosting/scripts/framework/web/CController.php(278): CController->runAction(Object(CInlineAction))
#2 /data/hosting/scripts/framework/web/CController.php(257): CController->runActionWithFilters(Object(CInlineAction), Array)
#3 /data/hosting/scripts/framework/web/CWebApplication.php(324): CController->run('fromradical')
#4 /data/hosting/scripts/framework/web/CWebApplication.php(121): CWebApplication->runController('site/fromradica...')
#5 /data/hosting/scripts/framework/base/CApplication.php(135): CWebApplication->processRequest()
#6 /data/hosting/scripts/dict/index.php(11): CApplication->run()
#7 {main} REQUEST_URI=/dict/site/fromradical/ja/87/-1
2013/05/20 22:44:48 [error] [php] Undefined variable: kanjis (/data/hosting/scripts/dict/protected/controllers/SiteController.php:39)
Stack trace:
#0 /data/hosting/scripts/framework/web/CController.php(300): CInlineAction->run()
#1 /data/hosting/scripts/framework/web/CController.php(278): SiteController->runAction()
#2 /data/hosting/scripts/framework/web/CController.php(257): SiteController->runActionWithFilters()
#3 /data/hosting/scripts/framework/web/CWebApplication.php(324): SiteController->run()
#4 /data/hosting/scripts/framework/web/CWebApplication.php(121): CWebApplication->runController()
#5 /data/hosting/scripts/framework/base/CApplication.php(135): CWebApplication->processRequest()
#6 /data/hosting/scripts/dict/index.php(11): CWebApplication->run()
REQUEST_URI=/dict/site/fromradical/ja/7/-1
2013/05/20 22:44:53 [error] [php] Undefined variable: kanjis (/data/hosting/scripts/dict/protected/controllers/SiteController.php:39)
Stack trace:
#0 /data/hosting/scripts/framework/web/CController.php(300): CInlineAction->run()
#1 /data/hosting/scripts/framework/web/CController.php(278): SiteController->runAction()
#2 /data/hosting/scripts/framework/web/CController.php(257): SiteController->runActionWithFilters()
#3 /data/hosting/scripts/framework/web/CWebApplication.php(324): SiteController->run()
#4 /data/hosting/scripts/framework/web/CWebApplication.php(121): CWebApplication->runController()
#5 /data/hosting/scripts/framework/base/CApplication.php(135): CWebApplication->processRequest()
#6 /data/hosting/scripts/dict/index.php(11): CWebApplication->run()
REQUEST_URI=/dict/site/fromradical/ja/87/-1
2013/05/20 22:45:00 [error] [php] Array to string conversion (/data/hosting/scripts/dict/protected/controllers/SiteController.php:39)
Stack trace:
#0 /data/hosting/scripts/framework/web/CController.php(300): CInlineAction->run()
#1 /data/hosting/scripts/framework/web/CController.php(278): SiteController->runAction()
#2 /data/hosting/scripts/framework/web/CController.php(257): SiteController->runActionWithFilters()
#3 /data/hosting/scripts/framework/web/CWebApplication.php(324): SiteController->run()
#4 /data/hosting/scripts/framework/web/CWebApplication.php(121): CWebApplication->runController()
#5 /data/hosting/scripts/framework/base/CApplication.php(135): CWebApplication->processRequest()
#6 /data/hosting/scripts/dict/index.php(11): CWebApplication->run()
REQUEST_URI=/dict/site/fromradical/ja/87/-1
2013/05/20 22:50:44 [error] [php] Undefined variable: chars (/data/hosting/scripts/dict/protected/controllers/SiteController.php:47)
Stack trace:
#0 /data/hosting/scripts/framework/web/CController.php(300): CInlineAction->run()
#1 /data/hosting/scripts/framework/web/CController.php(278): SiteController->runAction()
#2 /data/hosting/scripts/framework/web/CController.php(257): SiteController->runActionWithFilters()
#3 /data/hosting/scripts/framework/web/CWebApplication.php(324): SiteController->run()
#4 /data/hosting/scripts/framework/web/CWebApplication.php(121): CWebApplication->runController()
#5 /data/hosting/scripts/framework/base/CApplication.php(135): CWebApplication->processRequest()
#6 /data/hosting/scripts/dict/index.php(11): CWebApplication->run()
REQUEST_URI=/dict/site/fromradical/ja/87/-1
2013/05/20 22:51:09 [error] [php] Undefined variable: strokes (/data/hosting/scripts/dict/protected/views/site/_details.php:2)
Stack trace:
#0 /data/hosting/scripts/framework/web/CController.php(833): SiteController->renderFile()
#1 /data/hosting/scripts/dict/protected/controllers/SiteController.php(47): SiteController->renderPartial()
#2 unknown(0): SiteController->actionFromRadical()
#3 /data/hosting/scripts/framework/web/actions/CInlineAction.php(54): ReflectionMethod->invokeArgs()
#4 /data/hosting/scripts/framework/web/CController.php(300): CInlineAction->run()
#5 /data/hosting/scripts/framework/web/CController.php(278): SiteController->runAction()
#6 /data/hosting/scripts/framework/web/CController.php(257): SiteController->runActionWithFilters()
#7 /data/hosting/scripts/framework/web/CWebApplication.php(324): SiteController->run()
#8 /data/hosting/scripts/framework/web/CWebApplication.php(121): CWebApplication->runController()
#9 /data/hosting/scripts/framework/base/CApplication.php(135): CWebApplication->processRequest()
#10 /data/hosting/scripts/dict/index.php(11): CWebApplication->run()
REQUEST_URI=/dict/site/fromradical/ja/87/-1
2013/05/20 22:51:31 [error] [php] Undefined variable: lang (/data/hosting/scripts/dict/protected/views/site/_details.php:9)
Stack trace:
#0 /data/hosting/scripts/framework/web/CController.php(833): SiteController->renderFile()
#1 /data/hosting/scripts/dict/protected/controllers/SiteController.php(49): SiteController->renderPartial()
#2 unknown(0): SiteController->actionFromRadical()
#3 /data/hosting/scripts/framework/web/actions/CInlineAction.php(54): ReflectionMethod->invokeArgs()
#4 /data/hosting/scripts/framework/web/CController.php(300): CInlineAction->run()
#5 /data/hosting/scripts/framework/web/CController.php(278): SiteController->runAction()
#6 /data/hosting/scripts/framework/web/CController.php(257): SiteController->runActionWithFilters()
#7 /data/hosting/scripts/framework/web/CWebApplication.php(324): SiteController->run()
#8 /data/hosting/scripts/framework/web/CWebApplication.php(121): CWebApplication->runController()
#9 /data/hosting/scripts/framework/base/CApplication.php(135): CWebApplication->processRequest()
#10 /data/hosting/scripts/dict/index.php(11): CWebApplication->run()
REQUEST_URI=/dict/site/fromradical/ja/87/-1
2013/05/20 22:51:52 [error] [exception.CHttpException.404] exception 'CHttpException' with message 'The system is unable to find the requested action "char".' in /data/hosting/scripts/framework/web/CController.php:444
Stack trace:
#0 /data/hosting/scripts/framework/web/CController.php(262): CController->missingAction('char')
#1 /data/hosting/scripts/framework/web/CWebApplication.php(324): CController->run('char')
#2 /data/hosting/scripts/framework/web/CWebApplication.php(121): CWebApplication->runController('site/char/ja/??...')
#3 /data/hosting/scripts/framework/base/CApplication.php(135): CWebApplication->processRequest()
#4 /data/hosting/scripts/dict/index.php(11): CApplication->run()
#5 {main} REQUEST_URI=/dict/site/char/ja/%E9%99%B0/0
2013/05/20 22:52:14 [error] [exception.CHttpException.404] exception 'CHttpException' with message 'The system is unable to find the requested action "char".' in /data/hosting/scripts/framework/web/CController.php:444
Stack trace:
#0 /data/hosting/scripts/framework/web/CController.php(262): CController->missingAction('char')
#1 /data/hosting/scripts/framework/web/CWebApplication.php(324): CController->run('char')
#2 /data/hosting/scripts/framework/web/CWebApplication.php(121): CWebApplication->runController('site/char/ja/??...')
#3 /data/hosting/scripts/framework/base/CApplication.php(135): CWebApplication->processRequest()
#4 /data/hosting/scripts/dict/index.php(11): CApplication->run()
#5 {main} REQUEST_URI=/dict/site/char/ja/%E9%99%B0/0
2013/05/20 22:54:16 [error] [exception.CHttpException.400] exception 'CHttpException' with message 'Your request is invalid.' in /data/hosting/scripts/framework/web/actions/CInlineAction.php:52
Stack trace:
#0 /data/hosting/scripts/framework/web/CController.php(300): CInlineAction->run()
#1 /data/hosting/scripts/framework/web/CController.php(278): CController->runAction(Object(CInlineAction))
#2 /data/hosting/scripts/framework/web/CController.php(257): CController->runActionWithFilters(Object(CInlineAction), Array)
#3 /data/hosting/scripts/framework/web/CWebApplication.php(324): CController->run('fromradical')
#4 /data/hosting/scripts/framework/web/CWebApplication.php(121): CWebApplication->runController('site/fromradica...')
#5 /data/hosting/scripts/framework/base/CApplication.php(135): CWebApplication->processRequest()
#6 /data/hosting/scripts/dict/index.php(11): CApplication->run()
#7 {main} REQUEST_URI=/dict/site/fromradical/ja/87/-1
2013/05/20 22:58:22 [error] [php] Undefined variable: strokes (/data/hosting/scripts/dict/protected/views/site/_details.php:2)
Stack trace:
#0 /data/hosting/scripts/framework/web/CController.php(833): SiteController->renderFile()
#1 /data/hosting/scripts/dict/protected/controllers/SiteController.php(50): SiteController->renderPartial()
#2 unknown(0): SiteController->actionChar()
#3 /data/hosting/scripts/framework/web/actions/CInlineAction.php(54): ReflectionMethod->invokeArgs()
#4 /data/hosting/scripts/framework/web/CController.php(300): CInlineAction->run()
#5 /data/hosting/scripts/framework/web/CController.php(278): SiteController->runAction()
#6 /data/hosting/scripts/framework/web/CController.php(257): SiteController->runActionWithFilters()
#7 /data/hosting/scripts/framework/web/CWebApplication.php(324): SiteController->run()
#8 /data/hosting/scripts/framework/web/CWebApplication.php(121): CWebApplication->runController()
#9 /data/hosting/scripts/framework/base/CApplication.php(135): CWebApplication->processRequest()
#10 /data/hosting/scripts/dict/index.php(11): CWebApplication->run()
REQUEST_URI=/dict/site/char/ja/%E8%91%B5/0
2013/05/20 22:58:26 [error] [php] Undefined variable: strokes (/data/hosting/scripts/dict/protected/views/site/_details.php:2)
Stack trace:
#0 /data/hosting/scripts/framework/web/CController.php(833): SiteController->renderFile()
#1 /data/hosting/scripts/dict/protected/controllers/SiteController.php(50): SiteController->renderPartial()
#2 unknown(0): SiteController->actionChar()
#3 /data/hosting/scripts/framework/web/actions/CInlineAction.php(54): ReflectionMethod->invokeArgs()
#4 /data/hosting/scripts/framework/web/CController.php(300): CInlineAction->run()
#5 /data/hosting/scripts/framework/web/CController.php(278): SiteController->runAction()
#6 /data/hosting/scripts/framework/web/CController.php(257): SiteController->runActionWithFilters()
#7 /data/hosting/scripts/framework/web/CWebApplication.php(324): SiteController->run()
#8 /data/hosting/scripts/framework/web/CWebApplication.php(121): CWebApplication->runController()
#9 /data/hosting/scripts/framework/base/CApplication.php(135): CWebApplication->processRequest()
#10 /data/hosting/scripts/dict/index.php(11): CWebApplication->run()
REQUEST_URI=/dict/site/char/ja/%E9%99%B0/0
2013/05/20 22:58:43 [error] [php] Invalid argument supplied for foreach() (/data/hosting/scripts/dict/protected/views/site/_details.php:2)
Stack trace:
#0 /data/hosting/scripts/framework/web/CController.php(833): SiteController->renderFile()
#1 /data/hosting/scripts/dict/protected/controllers/SiteController.php(52): SiteController->renderPartial()
#2 unknown(0): SiteController->actionChar()
#3 /data/hosting/scripts/framework/web/actions/CInlineAction.php(54): ReflectionMethod->invokeArgs()
#4 /data/hosting/scripts/framework/web/CController.php(300): CInlineAction->run()
#5 /data/hosting/scripts/framework/web/CController.php(278): SiteController->runAction()
#6 /data/hosting/scripts/framework/web/CController.php(257): SiteController->runActionWithFilters()
#7 /data/hosting/scripts/framework/web/CWebApplication.php(324): SiteController->run()
#8 /data/hosting/scripts/framework/web/CWebApplication.php(121): CWebApplication->runController()
#9 /data/hosting/scripts/framework/base/CApplication.php(135): CWebApplication->processRequest()
#10 /data/hosting/scripts/dict/index.php(11): CWebApplication->run()
REQUEST_URI=/dict/site/char/ja/%E9%99%B0/0
2013/05/20 22:59:22 [error] [php] Undefined variable: chars (/data/hosting/scripts/dict/protected/views/site/_details.php:7)
Stack trace:
#0 /data/hosting/scripts/framework/web/CController.php(833): SiteController->renderFile()
#1 /data/hosting/scripts/dict/protected/controllers/SiteController.php(52): SiteController->renderPartial()
#2 unknown(0): SiteController->actionChar()
#3 /data/hosting/scripts/framework/web/actions/CInlineAction.php(54): ReflectionMethod->invokeArgs()
#4 /data/hosting/scripts/framework/web/CController.php(300): CInlineAction->run()
#5 /data/hosting/scripts/framework/web/CController.php(278): SiteController->runAction()
#6 /data/hosting/scripts/framework/web/CController.php(257): SiteController->runActionWithFilters()
#7 /data/hosting/scripts/framework/web/CWebApplication.php(324): SiteController->run()
#8 /data/hosting/scripts/framework/web/CWebApplication.php(121): CWebApplication->runController()
#9 /data/hosting/scripts/framework/base/CApplication.php(135): CWebApplication->processRequest()
#10 /data/hosting/scripts/dict/index.php(11): CWebApplication->run()
REQUEST_URI=/dict/site/char/ja/%E9%99%B0/0
2013/05/20 22:59:30 [error] [php] Undefined variable: traditional (/data/hosting/scripts/dict/protected/views/site/_char.php:4)
Stack trace:
#0 /data/hosting/scripts/framework/web/CController.php(833): SiteController->renderFile()
#1 /data/hosting/scripts/dict/protected/controllers/SiteController.php(52): SiteController->renderPartial()
#2 unknown(0): SiteController->actionChar()
#3 /data/hosting/scripts/framework/web/actions/CInlineAction.php(54): ReflectionMethod->invokeArgs()
#4 /data/hosting/scripts/framework/web/CController.php(300): CInlineAction->run()
#5 /data/hosting/scripts/framework/web/CController.php(278): SiteController->runAction()
#6 /data/hosting/scripts/framework/web/CController.php(257): SiteController->runActionWithFilters()
#7 /data/hosting/scripts/framework/web/CWebApplication.php(324): SiteController->run()
#8 /data/hosting/scripts/framework/web/CWebApplication.php(121): CWebApplication->runController()
#9 /data/hosting/scripts/framework/base/CApplication.php(135): CWebApplication->processRequest()
#10 /data/hosting/scripts/dict/index.php(11): CWebApplication->run()
REQUEST_URI=/dict/site/char/ja/%E9%99%B0/0
2013/05/20 22:59:40 [error] [php] Undefined variable: traditional (/data/hosting/scripts/dict/protected/views/site/_char.php:4)
Stack trace:
#0 /data/hosting/scripts/framework/web/CController.php(833): SiteController->renderFile()
#1 /data/hosting/scripts/dict/protected/controllers/SiteController.php(53): SiteController->renderPartial()
#2 unknown(0): SiteController->actionChar()
#3 /data/hosting/scripts/framework/web/actions/CInlineAction.php(54): ReflectionMethod->invokeArgs()
#4 /data/hosting/scripts/framework/web/CController.php(300): CInlineAction->run()
#5 /data/hosting/scripts/framework/web/CController.php(278): SiteController->runAction()
#6 /data/hosting/scripts/framework/web/CController.php(257): SiteController->runActionWithFilters()
#7 /data/hosting/scripts/framework/web/CWebApplication.php(324): SiteController->run()
#8 /data/hosting/scripts/framework/web/CWebApplication.php(121): CWebApplication->runController()
#9 /data/hosting/scripts/framework/base/CApplication.php(135): CWebApplication->processRequest()
#10 /data/hosting/scripts/dict/index.php(11): CWebApplication->run()
REQUEST_URI=/dict/site/char/ja/%E9%99%B0/0
2013/05/20 22:59:53 [error] [exception.CException] exception 'CException' with message 'Property "JPKanji.pinyin" is not defined.' in /data/hosting/scripts/framework/base/CComponent.php:131
Stack trace:
#0 /data/hosting/scripts/framework/db/ar/CActiveRecord.php(110): CComponent->__get('pinyin')
#1 /data/hosting/scripts/dict/protected/views/site/_char.php(7): CActiveRecord->__get('pinyin')
#2 /data/hosting/scripts/framework/web/CBaseController.php(119): require('/data/hosting/s...')
#3 /data/hosting/scripts/framework/web/CBaseController.php(88): CBaseController->renderInternal('/data/hosting/s...', Array, true)
#4 /data/hosting/scripts/framework/web/CController.php(833): CBaseController->renderFile('/data/hosting/s...', Array, true)
#5 /data/hosting/scripts/dict/protected/controllers/SiteController.php(54): CController->renderPartial('_char', Array)
#6 [internal function]: SiteController->actionChar('ja', '???', '0')
#7 /data/hosting/scripts/framework/web/actions/CInlineAction.php(54): ReflectionMethod->invokeArgs(Object(SiteController), Array)
#8 /data/hosting/scripts/framework/web/CController.php(300): CInlineAction->run()
#9 /data/hosting/scripts/framework/web/CController.php(278): CController->runAction(Object(CInlineAction))
#10 /data/hosting/scripts/framework/web/CController.php(257): CController->runActionWithFilters(Object(CInlineAction), Array)
#11 /data/hosting/scripts/framework/web/CWebApplication.php(324): CController->run('char')
#12 /data/hosting/scripts/framework/web/CWebApplication.php(121): CWebApplication->runController('site/char')
#13 /data/hosting/scripts/framework/base/CApplication.php(135): CWebApplication->processRequest()
#14 /data/hosting/scripts/dict/index.php(11): CApplication->run()
#15 {main} REQUEST_URI=/dict/site/char/ja/%E9%99%B0/0
2013/05/20 23:03:30 [error] [exception.CHttpException.404] exception 'CHttpException' with message 'The system is unable to find the requested action "from_char".' in /data/hosting/scripts/framework/web/CController.php:444
Stack trace:
#0 /data/hosting/scripts/framework/web/CController.php(262): CController->missingAction('from_char')
#1 /data/hosting/scripts/framework/web/CWebApplication.php(324): CController->run('from_char')
#2 /data/hosting/scripts/framework/web/CWebApplication.php(121): CWebApplication->runController('site/from_char/...')
#3 /data/hosting/scripts/framework/base/CApplication.php(135): CWebApplication->processRequest()
#4 /data/hosting/scripts/dict/index.php(11): CApplication->run()
#5 {main} REQUEST_URI=/dict/site/from_char/ja/%E5%AE%87
2013/05/20 23:03:30 [error] [exception.CHttpException.404] exception 'CHttpException' with message 'Unable to resolve the request "img/sprites.png".' in /data/hosting/scripts/framework/web/CWebApplication.php:328
Stack trace:
#0 /data/hosting/scripts/framework/web/CWebApplication.php(121): CWebApplication->runController('img/sprites.png')
#1 /data/hosting/scripts/framework/base/CApplication.php(135): CWebApplication->processRequest()
#2 /data/hosting/scripts/dict/index.php(11): CApplication->run()
#3 {main} REQUEST_URI=/dict/img/sprites.png
2013/05/20 23:04:12 [error] [exception.CHttpException.400] exception 'CHttpException' with message 'Your request is invalid.' in /data/hosting/scripts/framework/web/actions/CInlineAction.php:52
Stack trace:
#0 /data/hosting/scripts/framework/web/CController.php(300): CInlineAction->run()
#1 /data/hosting/scripts/framework/web/CController.php(278): CController->runAction(Object(CInlineAction))
#2 /data/hosting/scripts/framework/web/CController.php(257): CController->runActionWithFilters(Object(CInlineAction), Array)
#3 /data/hosting/scripts/framework/web/CWebApplication.php(324): CController->run('char')
#4 /data/hosting/scripts/framework/web/CWebApplication.php(121): CWebApplication->runController('site/char')
#5 /data/hosting/scripts/framework/base/CApplication.php(135): CWebApplication->processRequest()
#6 /data/hosting/scripts/dict/index.php(11): CApplication->run()
#7 {main} REQUEST_URI=/dict/site/from_char/ja/%E5%AE%87
2013/05/20 23:04:26 [error] [exception.CHttpException.400] exception 'CHttpException' with message 'Your request is invalid.' in /data/hosting/scripts/framework/web/actions/CInlineAction.php:52
Stack trace:
#0 /data/hosting/scripts/framework/web/CController.php(300): CInlineAction->run()
#1 /data/hosting/scripts/framework/web/CController.php(278): CController->runAction(Object(CInlineAction))
#2 /data/hosting/scripts/framework/web/CController.php(257): CController->runActionWithFilters(Object(CInlineAction), Array)
#3 /data/hosting/scripts/framework/web/CWebApplication.php(324): CController->run('char')
#4 /data/hosting/scripts/framework/web/CWebApplication.php(121): CWebApplication->runController('site/char')
#5 /data/hosting/scripts/framework/base/CApplication.php(135): CWebApplication->processRequest()
#6 /data/hosting/scripts/dict/index.php(11): CApplication->run()
#7 {main} REQUEST_URI=/dict/site/fromchar/ja/%E5%AE%87
2013/05/20 23:13:52 [error] [exception.CHttpException.404] exception 'CHttpException' with message 'The system is unable to find the requested action "word".' in /data/hosting/scripts/framework/web/CController.php:444
Stack trace:
#0 /data/hosting/scripts/framework/web/CController.php(262): CController->missingAction('word')
#1 /data/hosting/scripts/framework/web/CWebApplication.php(324): CController->run('word')
#2 /data/hosting/scripts/framework/web/CWebApplication.php(121): CWebApplication->runController('site/word')
#3 /data/hosting/scripts/framework/base/CApplication.php(135): CWebApplication->processRequest()
#4 /data/hosting/scripts/dict/index.php(11): CApplication->run()
#5 {main} REQUEST_URI=/dict/site/word/ja/37965
2013/05/20 23:17:36 [error] [exception.CHttpException.400] exception 'CHttpException' with message 'Your request is invalid.' in /data/hosting/scripts/framework/web/actions/CInlineAction.php:52
Stack trace:
#0 /data/hosting/scripts/framework/web/CController.php(300): CInlineAction->run()
#1 /data/hosting/scripts/framework/web/CController.php(278): CController->runAction(Object(CInlineAction))
#2 /data/hosting/scripts/framework/web/CController.php(257): CController->runActionWithFilters(Object(CInlineAction), Array)
#3 /data/hosting/scripts/framework/web/CWebApplication.php(324): CController->run('fromradical')
#4 /data/hosting/scripts/framework/web/CWebApplication.php(121): CWebApplication->runController('site/fromradica...')
#5 /data/hosting/scripts/framework/base/CApplication.php(135): CWebApplication->processRequest()
#6 /data/hosting/scripts/dict/index.php(11): CApplication->run()
#7 {main} REQUEST_URI=/dict/site/fromradical/ja/38/-1/info/refs?service=git-upload-pack
2013/05/20 23:17:36 [error] [exception.CHttpException.400] exception 'CHttpException' with message 'Your request is invalid.' in /data/hosting/scripts/framework/web/actions/CInlineAction.php:52
Stack trace:
#0 /data/hosting/scripts/framework/web/CController.php(300): CInlineAction->run()
#1 /data/hosting/scripts/framework/web/CController.php(278): CController->runAction(Object(CInlineAction))
#2 /data/hosting/scripts/framework/web/CController.php(257): CController->runActionWithFilters(Object(CInlineAction), Array)
#3 /data/hosting/scripts/framework/web/CWebApplication.php(324): CController->run('fromradical')
#4 /data/hosting/scripts/framework/web/CWebApplication.php(121): CWebApplication->runController('site/fromradica...')
#5 /data/hosting/scripts/framework/base/CApplication.php(135): CWebApplication->processRequest()
#6 /data/hosting/scripts/dict/index.php(11): CApplication->run()
#7 {main} REQUEST_URI=/dict/site/fromradical/ja/38/-1/info/refs
2013/05/20 23:24:57 [error] [exception.CHttpException.404] exception 'CHttpException' with message 'The system is unable to find the requested action "word".' in /data/hosting/scripts/framework/web/CController.php:444
Stack trace:
#0 /data/hosting/scripts/framework/web/CController.php(262): CController->missingAction('word')
#1 /data/hosting/scripts/framework/web/CWebApplication.php(324): CController->run('word')
#2 /data/hosting/scripts/framework/web/CWebApplication.php(121): CWebApplication->runController('site/word')
#3 /data/hosting/scripts/framework/base/CApplication.php(135): CWebApplication->processRequest()
#4 /data/hosting/scripts/facebook_apps/index.php(11): CApplication->run()
#5 {main} REQUEST_URI=/facebook_apps/site/word/ja/1275
